make.exe all --print-data-base --no-builtin-variables --no-builtin-rules --question
# GNU Make 3.81
# Copyright (C) 2006  Free Software Foundation, Inc.
# This is free software; see the source for copying conditions.
# There is NO warranty; not even for MERCHANTABILITY or FITNESS FOR A
# PARTICULAR PURPOSE.

# This program built for i386-pc-mingw32
 

# Make data base, printed on Thu Jun 09 12:12:05 2022

# Variables

# automatic
<D = $(patsubst %/,%,$(dir $<))
# automatic
?F = $(notdir $?)
# makefile
MAKEFLAGS = Rrqp
# environment
VSCODE_LOG_NATIVE = false
# automatic
?D = $(patsubst %/,%,$(dir $?))
# automatic
@D = $(patsubst %/,%,$(dir $@))
# environment
HOMEDRIVE = C:
# automatic
@F = $(notdir $@)
# automatic
^D = $(patsubst %/,%,$(dir $^))
# makefile
CURDIR := c:/Users/aksha/Documents/Projects/ChaturangaAI
# default
SHELL := C:/Program Files/Git/bi 
n//sh.exe
# environment
WINDIR = C:\WINDOWS
# environment
VSCODE_NLS_CONFIG = {"locale":"en-gb","availableLanguages":{},"_languagePackSupport":true}
# environment
ONEDRIVE = C:\Users\aksha\OneDrive
# environment
PATHEXT = .COM;.EXE;.BAT;.CMD;.VBS;.VBE;.JS;.JSE;.WSF;.WSH;.MSC
# makefile (from `makefile', line 1)
MAKEFILE_LIST :=  makefile
# environment
TMP = C:\Users\aksha\AppData\Local\Temp
# environment
VSCODE_VERBOSE_LOGGING = true
# environment
PROGRAMW6432 = C:\Program Files
# environment
PROGRAMDATA = C:\ProgramData
# environment
VSCODE_IPC_HOOK_EXTHOST = \\.\pipe\vscode-ipc-ac8ff835-f335-4daa-8227-f7871aa4c4f7-sock
# environment
VSCODE_CWD = C:\Users\aksha\AppData\Local\Programs\Microsoft VS Code
# environment
PATH = C:\Python310\Scripts\;C:\Python310\;C:\WINDOWS\system32;C:\WINDOWS;C:\WINDOWS\System32\Wbem;C:\WINDOWS\System32\WindowsPowerShell\v1.0\;C:\WINDOWS\System32\OpenSSH\;C:\Program Files\dotnet\;C:\ProgramData\chocolatey\bin;C:\Program Files (x86)\dotnet\;C:\Program Files\Git\cmd;C:\Program Files\nodejs\;C:\Program Files\MATLAB\R2021b\bin;C:\Users\aksha\AppData\Local\Microsoft\WindowsApps;C:\Windows\Microsoft.NET\Framework64\v4.0.30319;C:\Windows\Microsoft.NET\Framework64\v4.0.30319\csc.exe;C:\Windows\Microsoft.NET\Framework\v4.0.30319\jsc.exe;C:\Users\aksha\AppData\Local\Programs\Microsoft VS Code\bin;C:\tools\msys64;C:\MinGW\bin;C:\Program Files\Git\bin\;C:\Program Files\Git\cmd\;C:\Program Files\Java\javajdk17\lib;C:\Users\aksha\.dotnet\tools;C:\Users\aksha\AppData\Roaming\npm;C:\Users\aksha\anaconda3;C:\Users\aksha\anaconda3\condabin;C:\Users\aksha\anaconda3\Scripts;C:\Users\aksha\anaconda3\Library\bin;C:\Program Files (x86)\GnuWin32\bin;
# environment
COMMONPROGRAMW6432 = C:\Program Files\Common Files
# environment
CHOCOLATEYLASTPATHUPDATE = 132872928536456999
# environment
PROCESSOR_ARCHITECTURE = x86
# environment
USERPROFILE = C:\Users\aksha
# environment
CHOCOLATEYINSTALL = C:\ProgramData\chocolatey
# environment
ALLUSERSPROFILE = C:\ProgramData
# environment
VSCODE_LOG_STACK = false
# envi 
ronment
NUMBER_OF_PROCESSORS = 8
# environment
ELECTRON_RUN_AS_NODE = 1
# default
.FEATURES := target-specific order-only second-expansion else-if archives
# automatic
%F = $(notdir $%)
# environment
CHROME_CRASHPAD_PIPE_NAME = \\.\pipe\crashpad_24452_NDNRBCYZDIRHXWZO
# environment
VSCODE_PIPE_LOGGING = true
# environment
COMPUTERNAME = AJLAPTOP
# environment
PROGRAMFILES = C:\Program Files (x86)
# environment
DRIVERDATA = C:\Windows\System32\Drivers\DriverData
# automatic
*D = $(patsubst %/,%,$(dir $*))
#  
environment
ORIGINAL_XDG_CURRENT_DESKTOP = undefined
# environment
USERNAME = aksha
# environment
PUBLIC = C:\Users\Public
# environment
VSCODE_AMD_ENTRYPOINT = vs/workbench/api/node/extensionHostProcess
# environment
CHOCOLATEYTOOLSLOCATION = C:\tools
# environment
VSCODE_CODE_CACHE_PATH = C:\Users\aksha\AppData\Roaming\Code\CachedData\c3511e6c69bb39013c4a4b7b9566ec1ca73fc4d5
# environment
APPLICATION_INSIGHTS_NO_DIAGNOSTIC_CHANNEL = 1
# environment
COMMONPROGRAMFILES = C:\Program Files (x86)\Common Files
# environment
LOGONSERVER = \\AJLAPTOP
# environment
ONEDRIVECONSUMER = C:\Users\aksha\OneDrive
# environment
VSCODE_HANDLES_UNCAUGHT_ERRORS = true
# environment
USERDOMAIN = AJLAPTOP
# default
MAKE = $(MAKE_COMMAND)
# default
MAKECMDGOALS := all
# environment
JAVA_HOME = C:\Program Files\Java\javajdk17\lib
# default
MAKE_VERSION := 3.81
# environment
__PSLOCKDOWNPOLICY = 0
# environment
PROGRAMFILES(X86) = C:\Program Files (x86)
# automatic
%D = $(patsubst %/,%,$(dir $%))
# environment
LOCALAPPDATA = C:\Us 
ers\aksha\AppData\Local
# environment
PSMODULEPATH = C:\Program Files\WindowsPowerShell\Modules;C:\WINDOWS\system32\WindowsPowerShell\v1.0\Modules
# default
MAKE_COMMAND := make.exe
# environment
PROCESSOR_ARCHITEW6432 = AMD64
# default
.VARIABLES := 
# automatic
*F = $(notdir $*)
# environment
PROCESSOR_IDENTIFIER = Intel64 Family 6 Model 142 Stepping 10, GenuineIntel
# environment
OS = Windows_NT
# environment
VSCODE_IPC_HOOK = \\.\pipe\9df8557d6adb430fc73b481e968f423d-1.67.2-main-sock
# environment
HOMEP 
ATH = \Users\aksha
# environment
COMMONPROGRAMFILES(X86) = C:\Program Files (x86)\Common Files
# environment
PROMPT = $P$G
# environment
MFLAGS = -Rrqp
# environment
GIT = C:\Program Files\Git
# environment
SYSTEMROOT = C:\WINDOWS
# automatic
+D = $(patsubst %/,%,$(dir $+))
# automatic
+F = $(notdir $+)
# environment
APPDATA = C:\Users\aksha\AppData\Roaming
# environment
TEMP = C:\Users\aksha\AppData\Local\Temp
# environment
COMSPEC = C:\WINDOWS\system32\cmd.exe
# default
MAKEFILES := 
# automatic
<F = $(no 
tdir $<)
# environment
LC_ALL = C
# automatic
^F = $(notdir $^)
# default
SUFFIXES := 
# environment
SYSTEMDRIVE = C:
# environment
SESSIONNAME = Console
# environment
PROCESSOR_REVISION = 8e0a
# environment
MAKELEVEL := 0
# makefile
.DEFAULT_GOAL := all
# environment
LANG = C
# environment
PROCESSOR_LEVEL = 6
# environment
VSCODE_PID = 24452
# environment
USERDOMAIN_ROAMINGPROFILE = AJLAPTOP
# variable set hash-table stats:
# Load=93/1024=9%, Rehash=0, Collisions=12/114=11%

# Pattern-specific Variable Val 
ues

# No pattern-specific variable values.

# Directories

# C:\Windows\Microsoft.NET\Framework\v4.0.30319\jsc.exe (key C:/Windows/Microsoft.NET/Framework/v4.0.30319/jsc.exe, mtime 1575706248): could not be opened.
# C:\WINDOWS\System32\WindowsPowerShell\v1.0\ (key C:/WINDOWS/System32/WindowsPowerShell/v1.0/, mtime 1613854376): 30 files, no impossibilities.
# C:\WINDOWS\System32\Wbem (key C:/WINDOWS/System32/Wbem, mtime 1646999130): 155 files, no impossibilities.
# . (key c:/Users/aksha/Documents/Projects/ChaturangaAI, mtime 1654740683): 12 files, no impossibilities.
# C:\Program Files\nodejs\ (key C:/Program Files/nodejs/, mtime 1642649243): 13 files, no impossibilities.
# C:\Users\aksha\AppData\Local\Microsoft\WindowsApps (key C:/Users/aksha/AppData/Local/Microsoft/WindowsApps, mtime 1653628467): 22 files, no impossibilities.
# C:\ProgramData\chocolatey\bin (key C:/ProgramData/chocolatey/bin, mtime 1642815654): 13 files, no impossibilities.
# C:\Program Files\dotnet\: could not be stat'd.
# C:\Python310\:  
could not be stat'd.
# C:\Python310\Scripts\: could not be stat'd.
# C:\MinGW\bin (key C:/MinGW/bin, mtime 1654497801): 58 files, no impossibilities.
# C:\WINDOWS\System32\OpenSSH\: could not be stat'd.
# C:\WINDOWS (key C:/WINDOWS, mtime 1652944887): 110 files, no impossibilities.
# C:\Program Files\Git\bin\ (key C:/Program Files/Git/bin/, mtime 1637718295): 5 files, no impossibilities so far.
# C:\tools\msys64 (key C:/tools/msys64, mtime 1614729418): 27 files, no impossibilities.
# C:\Program Files\MATLAB\R2021b\bin (key C:/Program Files/MATLAB/R2021b/bin, mtime 1644188853): 14 files, no impossibilities.
# C:\Windows\Microsoft.NET\Framework64\v4.0.30319 (key C:/Windows/Microsoft.NET/Framework64/v4.0.30319, mtime 1654653703): 405 files, no impossibilities.
# C:\Program Files (x86)\dotnet\ (key C:/Program Files (x86)/dotnet/, mtime 1629883927): 8 files, no impossibilities.
# C:\Program Files\Git\cmd (key C:/Program Files/Git/cmd, mtime 1637718336): 8 files, no impossibilities.
# C:\WINDOWS\system32 (key C:/WINDOWS/system32, mtime 1654213852): 3017 files, no impossibilities.
# C:\Windows\Microsoft.NET\Framework64\v4.0.30319\csc.exe (key C:/Windows/Microsoft.NET/Framework64/v4.0.30319/csc.exe, mtime 1575706235): could not be opened.
# C:\Users\aksha\AppData\Local\Programs\Microsoft VS Code\bin (key C:/Users/aksha/AppData/Local/Programs/Microsoft VS Code/bin, mtime 1653013893): 4 files, no impossibilities.

# 3901 files, no impossibilities in 22 directories.

# Implicit Rules

# No implicit rules.

# Files

all:
#  Command-line target.
#  Implicit rule search has not been done.
#  Implicit/static pattern stem: `'
#  File does not exist.
#  File has been updated.
#  Needs to be updated (-q is set).
# automatic
# @ := all
# automatic
# % := 
# automatic
# * := 
# automatic
# + := 
# automatic
# | := 
# automatic
# < := 
# automatic
# ^ := 
# automatic
# ? := 
# variable set hash-table stats:
# Load=8/32=25%, Rehash=0, Collisions=1/10=10%
#  commands to execute (from `makefile', line 2):
	g++ -Iinclude -Iinclude/sdl -I 
include/headers -Llib -o Main src/*.cpp -lmingw32 -lSDL2main -lSDL2
	

# Not a target:
.DEFAULT:
#  Implicit rule search has not been done.
#  Modification time never checked.
#  File has not been updated.

# Not a target:
makefile:
#  Implicit rule search has been done.
#  Last modified 2022-06-09 12:10:14
#  File has been updated.
#  Successfully updated.
# variable set hash-table stats:
# Load=0/32=0%, Rehash=0, Collisions=0/0=0%

# Not a target:
.SUFFIXES:
#  Implicit rule search has not been done.
#  Modification time never checked.
#  File has not been updated.

# files hash-table stats:
# Load=4/1024=0%, Rehash=0, Collisions=0/17=0%
# VPATH Search Paths

# No `vpath' search paths.

# No general (`VPATH' variable) search path.

# # of strings in strcache: 1
# # of strcache buffers: 1
# strcache size: total = 4096 / max = 4096 / min = 4096 / avg = 4096
# strcache free: total = 4087 / max = 4087 / min = 4087 / avg = 4087

# Finished Make data base on Thu Jun 09 12:12:05 2022

 
